
========== 开始测试服务器极限并发 ==========
测试范围：从 30 开始，每次递增 10，最大 100

========== 启动 30 个客户端 ==========
启动时间: 2025-12-03 14:32:54
实际启动客户端数: 30 (预期: 30)

========== 等待 30 个客户端执行完成 ==========
connect ok.
开始时间:1764743574
结束时间：1764743653connect ok.
开始时间:1764743574
结束时间：1764743653connect ok.
开始时间:1764743574
结束时间：1764743653connect ok.
开始时间:1764743574
结束时间：1764743653connect ok.
开始时间:1764743574
结束时间：1764743653connect ok.
开始时间:1764743574
结束时间：1764743653connect ok.
开始时间:1764743574
结束时间：1764743653connect ok.
开始时间:1764743574
结束时间：1764743653connect ok.
开始时间:1764743574
结束时间：1764743653客户端进程PID:65933 未运行
connect ok.
开始时间:1764743574
结束时间：1764743653connect ok.
开始时间:1764743574
结束时间：1764743653connect ok.
开始时间:1764743574
结束时间：1764743653connect ok.
开始时间:1764743575
结束时间：1764743653connect ok.
开始时间:1764743574
结束时间：1764743653connect ok.
开始时间:1764743574
结束时间：1764743653connect ok.
开始时间:1764743574
结束时间：1764743653connect ok.
开始时间:1764743574
结束时间：1764743653客户端进程PID:65937 未运行
connect ok.
开始时间:1764743575
结束时间：1764743653connect ok.
开始时间:1764743574
结束时间：1764743653connect ok.
开始时间:1764743574
结束时间：1764743653connect ok.
开始时间:1764743574
结束时间：1764743653connect ok.
开始时间:1764743574
结束时间：1764743653客户端进程PID:65941 未运行
connect ok.
开始时间:1764743574
结束时间：1764743653客户端进程PID:65943 未运行
客户端进程PID:65945 未运行
客户端进程PID:65947 未运行
客户端进程PID:65949 未运行
客户端进程PID:65951 未运行
connect ok.
开始时间:1764743574
结束时间：1764743654connect ok.
开始时间:1764743574
结束时间：1764743654客户端进程PID:65953 未运行
connect ok.
开始时间:1764743574
结束时间：1764743654connect ok.
开始时间:1764743575
结束时间：1764743654客户端进程PID:65955 未运行
connect ok.
开始时间:1764743575
结束时间：1764743654connect ok.
开始时间:1764743574
结束时间：1764743654connect ok.
开始时间:1764743574
结束时间：1764743654客户端进程PID:65957 未运行
客户端进程PID:65959 未运行
客户端进程PID:65961 未运行
客户端进程PID:65963 未运行
客户端进程PID:65965 未运行
客户端进程PID:65967 未运行
客户端进程PID:65969 未运行
客户端进程PID:65971 未运行
客户端进程PID:65973 未运行
客户端进程PID:65975 未运行
客户端进程PID:65977 未运行
客户端进程PID:65979 未运行
客户端进程PID:65981 未运行
客户端进程PID:65983 未运行
客户端进程PID:65985 未运行
客户端进程PID:65987 未运行

========== 压测结果汇总（并发数:30）==========
总耗时: 79 秒
成功执行的客户端数: 4
失败执行的客户端数: 26
客户端成功率: 13.00%

========== 服务器极限并发已找到：30 个客户端（成功率13.00% < 95%）==========
